running egg_info
writing ../../../build/tortoise_bot/tortoise_bot.egg-info/PKG-INFO
writing dependency_links to ../../../build/tortoise_bot/tortoise_bot.egg-info/dependency_links.txt
writing entry points to ../../../build/tortoise_bot/tortoise_bot.egg-info/entry_points.txt
writing requirements to ../../../build/tortoise_bot/tortoise_bot.egg-info/requires.txt
writing top-level names to ../../../build/tortoise_bot/tortoise_bot.egg-info/top_level.txt
reading manifest file '../../../build/tortoise_bot/tortoise_bot.egg-info/SOURCES.txt'
writing manifest file '../../../build/tortoise_bot/tortoise_bot.egg-info/SOURCES.txt'
running build
running build_py
running install
running install_lib
running install_data
copying urdf/simple_bot.urdf -> /home/admin/my_workspace/install/tortoise_bot/share/tortoise_bot/urdf
running install_egg_info
removing '/home/admin/my_workspace/install/tortoise_bot/lib/python3.12/site-packages/tortoise_bot-0.0.0-py3.12.egg-info' (and everything under it)
Copying ../../../build/tortoise_bot/tortoise_bot.egg-info to /home/admin/my_workspace/install/tortoise_bot/lib/python3.12/site-packages/tortoise_bot-0.0.0-py3.12.egg-info
running install_scripts
Installing fake_joint_publisher script to /home/admin/my_workspace/install/tortoise_bot/lib/tortoise_bot
Installing simple_joint_publisher script to /home/admin/my_workspace/install/tortoise_bot/lib/tortoise_bot
Installing tortoise_controller script to /home/admin/my_workspace/install/tortoise_bot/lib/tortoise_bot
Installing turtle_bot_teleop script to /home/admin/my_workspace/install/tortoise_bot/lib/tortoise_bot
Installing velocity_controller script to /home/admin/my_workspace/install/tortoise_bot/lib/tortoise_bot
writing list of installed files to '/home/admin/my_workspace/build/tortoise_bot/install.log'
