[0.136s] DEBUG:colcon:Command line arguments: ['/usr/bin/colcon', 'build']
[0.136s] DEBUG:colcon:Parsed command line arguments: Namespace(log_base=None, log_level=None, verb_name='build', build_base='build', install_base='install', merge_install=False, symlink_install=False, test_result_base=None, continue_on_error=False, executor='parallel', parallel_workers=16, event_handlers=None, ignore_user_meta=False, metas=['./colcon.meta'], base_paths=['.'], packages_ignore=None, packages_ignore_regex=None, paths=None, packages_up_to=None, packages_up_to_regex=None, packages_above=None, packages_above_and_dependencies=None, packages_above_depth=None, packages_select_by_dep=None, packages_skip_by_dep=None, packages_skip_up_to=None, packages_select_build_failed=False, packages_skip_build_finished=False, packages_select_test_failures=False, packages_skip_test_passed=False, packages_select=None, packages_skip=None, packages_select_regex=None, packages_skip_regex=None, packages_start=None, packages_end=None, allow_overriding=[], cmake_args=None, cmake_target=None, cmake_target_skip_unavailable=False, cmake_clean_cache=False, cmake_clean_first=False, cmake_force_configure=False, ament_cmake_args=None, catkin_cmake_args=None, catkin_skip_building_tests=False, mixin_files=None, mixin=None, verb_parser=<colcon_mixin.mixin.mixin_argument.MixinArgumentDecorator object at 0x781cb8b70c20>, verb_extension=<colcon_core.verb.build.BuildVerb object at 0x781cb8a5f350>, main=<bound method BuildVerb.main of <colcon_core.verb.build.BuildVerb object at 0x781cb8a5f350>>, mixin_verb=('build',))
[0.177s] Level 1:colcon.colcon_core.package_discovery:discover_packages(colcon_meta) check parameters
[0.177s] Level 1:colcon.colcon_core.package_discovery:discover_packages(recursive) check parameters
[0.177s] Level 1:colcon.colcon_core.package_discovery:discover_packages(ignore) check parameters
[0.177s] Level 1:colcon.colcon_core.package_discovery:discover_packages(path) check parameters
[0.177s] Level 1:colcon.colcon_core.package_discovery:discover_packages(colcon_meta) discover
[0.177s] Level 1:colcon.colcon_core.package_discovery:discover_packages(recursive) discover
[0.177s] INFO:colcon.colcon_core.package_discovery:Crawling recursively for packages in '/home/admin/my_workspace'
[0.177s] Level 1:colcon.colcon_core.package_identification:_identify(.) by extensions ['ignore', 'ignore_ament_install']
[0.177s] Level 1:colcon.colcon_core.package_identification:_identify(.) by extension 'ignore'
[0.178s] Level 1:colcon.colcon_core.package_identification:_identify(.) by extension 'ignore_ament_install'
[0.178s] Level 1:colcon.colcon_core.package_identification:_identify(.) by extensions ['colcon_pkg']
[0.178s] Level 1:colcon.colcon_core.package_identification:_identify(.) by extension 'colcon_pkg'
[0.178s] Level 1:colcon.colcon_core.package_identification:_identify(.) by extensions ['colcon_meta']
[0.178s] Level 1:colcon.colcon_core.package_identification:_identify(.) by extension 'colcon_meta'
[0.178s] Level 1:colcon.colcon_core.package_identification:_identify(.) by extensions ['ros']
[0.178s] Level 1:colcon.colcon_core.package_identification:_identify(.) by extension 'ros'
[0.205s] Level 1:colcon.colcon_core.package_identification:_identify(.) by extensions ['cmake', 'python']
[0.206s] Level 1:colcon.colcon_core.package_identification:_identify(.) by extension 'cmake'
[0.206s] Level 1:colcon.colcon_core.package_identification:_identify(.) by extension 'python'
[0.206s] Level 1:colcon.colcon_core.package_identification:_identify(.) by extensions ['python_setup_py']
[0.206s] Level 1:colcon.colcon_core.package_identification:_identify(.) by extension 'python_setup_py'
[0.206s] Level 1:colcon.colcon_core.package_identification:_identify(build) by extensions ['ignore', 'ignore_ament_install']
[0.206s] Level 1:colcon.colcon_core.package_identification:_identify(build) by extension 'ignore'
[0.206s] Level 1:colcon.colcon_core.package_identification:_identify(build) ignored
[0.206s] Level 1:colcon.colcon_core.package_identification:_identify(install) by extensions ['ignore', 'ignore_ament_install']
[0.206s] Level 1:colcon.colcon_core.package_identification:_identify(install) by extension 'ignore'
[0.206s] Level 1:colcon.colcon_core.package_identification:_identify(install) ignored
[0.206s] Level 1:colcon.colcon_core.package_identification:_identify(log) by extensions ['ignore', 'ignore_ament_install']
[0.207s] Level 1:colcon.colcon_core.package_identification:_identify(log) by extension 'ignore'
[0.207s] Level 1:colcon.colcon_core.package_identification:_identify(log) ignored
[0.207s] Level 1:colcon.colcon_core.package_identification:_identify(tortoise_ws) by extensions ['ignore', 'ignore_ament_install']
[0.207s] Level 1:colcon.colcon_core.package_identification:_identify(tortoise_ws) by extension 'ignore'
[0.207s] Level 1:colcon.colcon_core.package_identification:_identify(tortoise_ws) by extension 'ignore_ament_install'
[0.207s] Level 1:colcon.colcon_core.package_identification:_identify(tortoise_ws) by extensions ['colcon_pkg']
[0.207s] Level 1:colcon.colcon_core.package_identification:_identify(tortoise_ws) by extension 'colcon_pkg'
[0.207s] Level 1:colcon.colcon_core.package_identification:_identify(tortoise_ws) by extensions ['colcon_meta']
[0.207s] Level 1:colcon.colcon_core.package_identification:_identify(tortoise_ws) by extension 'colcon_meta'
[0.207s] Level 1:colcon.colcon_core.package_identification:_identify(tortoise_ws) by extensions ['ros']
[0.207s] Level 1:colcon.colcon_core.package_identification:_identify(tortoise_ws) by extension 'ros'
[0.207s] Level 1:colcon.colcon_core.package_identification:_identify(tortoise_ws) by extensions ['cmake', 'python']
[0.207s] Level 1:colcon.colcon_core.package_identification:_identify(tortoise_ws) by extension 'cmake'
[0.207s] Level 1:colcon.colcon_core.package_identification:_identify(tortoise_ws) by extension 'python'
[0.207s] Level 1:colcon.colcon_core.package_identification:_identify(tortoise_ws) by extensions ['python_setup_py']
[0.207s] Level 1:colcon.colcon_core.package_identification:_identify(tortoise_ws) by extension 'python_setup_py'
[0.208s] Level 1:colcon.colcon_core.package_identification:_identify(tortoise_ws/build) by extensions ['ignore', 'ignore_ament_install']
[0.208s] Level 1:colcon.colcon_core.package_identification:_identify(tortoise_ws/build) by extension 'ignore'
[0.208s] Level 1:colcon.colcon_core.package_identification:_identify(tortoise_ws/build) ignored
[0.208s] Level 1:colcon.colcon_core.package_identification:_identify(tortoise_ws/install) by extensions ['ignore', 'ignore_ament_install']
[0.208s] Level 1:colcon.colcon_core.package_identification:_identify(tortoise_ws/install) by extension 'ignore'
[0.208s] Level 1:colcon.colcon_core.package_identification:_identify(tortoise_ws/install) ignored
[0.208s] Level 1:colcon.colcon_core.package_identification:_identify(tortoise_ws/log) by extensions ['ignore', 'ignore_ament_install']
[0.208s] Level 1:colcon.colcon_core.package_identification:_identify(tortoise_ws/log) by extension 'ignore'
[0.208s] Level 1:colcon.colcon_core.package_identification:_identify(tortoise_ws/log) ignored
[0.208s] Level 1:colcon.colcon_core.package_identification:_identify(tortoise_ws/src) by extensions ['ignore', 'ignore_ament_install']
[0.208s] Level 1:colcon.colcon_core.package_identification:_identify(tortoise_ws/src) by extension 'ignore'
[0.209s] Level 1:colcon.colcon_core.package_identification:_identify(tortoise_ws/src) by extension 'ignore_ament_install'
[0.209s] Level 1:colcon.colcon_core.package_identification:_identify(tortoise_ws/src) by extensions ['colcon_pkg']
[0.209s] Level 1:colcon.colcon_core.package_identification:_identify(tortoise_ws/src) by extension 'colcon_pkg'
[0.209s] Level 1:colcon.colcon_core.package_identification:_identify(tortoise_ws/src) by extensions ['colcon_meta']
[0.209s] Level 1:colcon.colcon_core.package_identification:_identify(tortoise_ws/src) by extension 'colcon_meta'
[0.209s] Level 1:colcon.colcon_core.package_identification:_identify(tortoise_ws/src) by extensions ['ros']
[0.209s] Level 1:colcon.colcon_core.package_identification:_identify(tortoise_ws/src) by extension 'ros'
[0.209s] Level 1:colcon.colcon_core.package_identification:_identify(tortoise_ws/src) by extensions ['cmake', 'python']
[0.209s] Level 1:colcon.colcon_core.package_identification:_identify(tortoise_ws/src) by extension 'cmake'
[0.209s] Level 1:colcon.colcon_core.package_identification:_identify(tortoise_ws/src) by extension 'python'
[0.209s] Level 1:colcon.colcon_core.package_identification:_identify(tortoise_ws/src) by extensions ['python_setup_py']
[0.209s] Level 1:colcon.colcon_core.package_identification:_identify(tortoise_ws/src) by extension 'python_setup_py'
[0.210s] Level 1:colcon.colcon_core.package_identification:_identify(tortoise_ws/src/tortoise_bot) by extensions ['ignore', 'ignore_ament_install']
[0.210s] Level 1:colcon.colcon_core.package_identification:_identify(tortoise_ws/src/tortoise_bot) by extension 'ignore'
[0.210s] Level 1:colcon.colcon_core.package_identification:_identify(tortoise_ws/src/tortoise_bot) by extension 'ignore_ament_install'
[0.210s] Level 1:colcon.colcon_core.package_identification:_identify(tortoise_ws/src/tortoise_bot) by extensions ['colcon_pkg']
[0.210s] Level 1:colcon.colcon_core.package_identification:_identify(tortoise_ws/src/tortoise_bot) by extension 'colcon_pkg'
[0.210s] Level 1:colcon.colcon_core.package_identification:_identify(tortoise_ws/src/tortoise_bot) by extensions ['colcon_meta']
[0.210s] Level 1:colcon.colcon_core.package_identification:_identify(tortoise_ws/src/tortoise_bot) by extension 'colcon_meta'
[0.210s] Level 1:colcon.colcon_core.package_identification:_identify(tortoise_ws/src/tortoise_bot) by extensions ['ros']
[0.210s] Level 1:colcon.colcon_core.package_identification:_identify(tortoise_ws/src/tortoise_bot) by extension 'ros'
[0.214s] DEBUG:colcon.colcon_core.package_identification:Package 'tortoise_ws/src/tortoise_bot' with type 'ros.ament_python' and name 'tortoise_bot'
[0.214s] Level 1:colcon.colcon_core.package_discovery:discover_packages(recursive) using defaults
[0.214s] Level 1:colcon.colcon_core.package_discovery:discover_packages(ignore) discover
[0.214s] Level 1:colcon.colcon_core.package_discovery:discover_packages(ignore) using defaults
[0.214s] Level 1:colcon.colcon_core.package_discovery:discover_packages(path) discover
[0.214s] Level 1:colcon.colcon_core.package_discovery:discover_packages(path) using defaults
[0.239s] Level 1:colcon.colcon_core.package_discovery:discover_packages(prefix_path) check parameters
[0.239s] Level 1:colcon.colcon_core.package_discovery:discover_packages(prefix_path) discover
[0.242s] DEBUG:colcon.colcon_installed_package_information.package_discovery:Found 1 installed packages in /home/admin/my_workspace/install
[0.245s] DEBUG:colcon.colcon_installed_package_information.package_discovery:Found 371 installed packages in /opt/ros/jazzy
[0.248s] Level 1:colcon.colcon_core.package_discovery:discover_packages(prefix_path) using defaults
[0.297s] Level 5:colcon.colcon_core.verb:set package 'tortoise_bot' build argument 'cmake_args' from command line to 'None'
[0.298s] Level 5:colcon.colcon_core.verb:set package 'tortoise_bot' build argument 'cmake_target' from command line to 'None'
[0.298s] Level 5:colcon.colcon_core.verb:set package 'tortoise_bot' build argument 'cmake_target_skip_unavailable' from command line to 'False'
[0.298s] Level 5:colcon.colcon_core.verb:set package 'tortoise_bot' build argument 'cmake_clean_cache' from command line to 'False'
[0.298s] Level 5:colcon.colcon_core.verb:set package 'tortoise_bot' build argument 'cmake_clean_first' from command line to 'False'
[0.298s] Level 5:colcon.colcon_core.verb:set package 'tortoise_bot' build argument 'cmake_force_configure' from command line to 'False'
[0.298s] Level 5:colcon.colcon_core.verb:set package 'tortoise_bot' build argument 'ament_cmake_args' from command line to 'None'
[0.298s] Level 5:colcon.colcon_core.verb:set package 'tortoise_bot' build argument 'catkin_cmake_args' from command line to 'None'
[0.298s] Level 5:colcon.colcon_core.verb:set package 'tortoise_bot' build argument 'catkin_skip_building_tests' from command line to 'False'
[0.298s] DEBUG:colcon.colcon_core.verb:Building package 'tortoise_bot' with the following arguments: {'ament_cmake_args': None, 'build_base': '/home/admin/my_workspace/build/tortoise_bot', 'catkin_cmake_args': None, 'catkin_skip_building_tests': False, 'cmake_args': None, 'cmake_clean_cache': False, 'cmake_clean_first': False, 'cmake_force_configure': False, 'cmake_target': None, 'cmake_target_skip_unavailable': False, 'install_base': '/home/admin/my_workspace/install/tortoise_bot', 'merge_install': False, 'path': '/home/admin/my_workspace/tortoise_ws/src/tortoise_bot', 'symlink_install': False, 'test_result_base': None}
[0.298s] INFO:colcon.colcon_core.executor:Executing jobs using 'parallel' executor
[0.299s] DEBUG:colcon.colcon_parallel_executor.executor.parallel:run_until_complete
[0.299s] INFO:colcon.colcon_ros.task.ament_python.build:Building ROS package in '/home/admin/my_workspace/tortoise_ws/src/tortoise_bot' with build type 'ament_python'
[0.300s] Level 1:colcon.colcon_core.shell:create_environment_hook('tortoise_bot', 'ament_prefix_path')
[0.302s] INFO:colcon.colcon_core.plugin_system:Skipping extension 'colcon_core.shell.bat': Not used on non-Windows systems
[0.302s] INFO:colcon.colcon_core.shell:Creating environment hook '/home/admin/my_workspace/install/tortoise_bot/share/tortoise_bot/hook/ament_prefix_path.ps1'
[0.303s] INFO:colcon.colcon_core.shell:Creating environment descriptor '/home/admin/my_workspace/install/tortoise_bot/share/tortoise_bot/hook/ament_prefix_path.dsv'
[0.303s] INFO:colcon.colcon_core.shell:Creating environment hook '/home/admin/my_workspace/install/tortoise_bot/share/tortoise_bot/hook/ament_prefix_path.sh'
[0.304s] INFO:colcon.colcon_core.shell:Skip shell extension 'powershell' for command environment: Not usable outside of PowerShell
[0.304s] DEBUG:colcon.colcon_core.shell:Skip shell extension 'dsv' for command environment
[0.610s] INFO:colcon.colcon_core.task.python.build:Building Python package in '/home/admin/my_workspace/tortoise_ws/src/tortoise_bot'
[0.611s] INFO:colcon.colcon_core.shell:Skip shell extension 'powershell' for command environment: Not usable outside of PowerShell
[0.611s] DEBUG:colcon.colcon_core.shell:Skip shell extension 'dsv' for command environment
[1.526s] DEBUG:colcon.colcon_core.event_handler.log_command:Invoking command in '/home/admin/my_workspace/tortoise_ws/src/tortoise_bot': DEBUGINFOD_URLS=https://debuginfod.ubuntu.com PYTHONPATH=/home/admin/my_workspace/build/tortoise_bot/prefix_override:/usr/lib/python3/dist-packages/colcon_core/task/python/colcon_distutils_commands:/home/admin/my_workspace/install/tortoise_bot/lib/python3.12/site-packages:${PYTHONPATH} /usr/bin/python3 -W ignore:setup.py install is deprecated -W ignore:easy_install command is deprecated setup.py egg_info --egg-base ../../../build/tortoise_bot build --build-base /home/admin/my_workspace/build/tortoise_bot/build install --record /home/admin/my_workspace/build/tortoise_bot/install.log --single-version-externally-managed install_data
[2.444s] DEBUG:colcon.colcon_core.event_handler.log_command:Invoked command in '/home/admin/my_workspace/tortoise_ws/src/tortoise_bot' returned '0': DEBUGINFOD_URLS=https://debuginfod.ubuntu.com PYTHONPATH=/home/admin/my_workspace/build/tortoise_bot/prefix_override:/usr/lib/python3/dist-packages/colcon_core/task/python/colcon_distutils_commands:/home/admin/my_workspace/install/tortoise_bot/lib/python3.12/site-packages:${PYTHONPATH} /usr/bin/python3 -W ignore:setup.py install is deprecated -W ignore:easy_install command is deprecated setup.py egg_info --egg-base ../../../build/tortoise_bot build --build-base /home/admin/my_workspace/build/tortoise_bot/build install --record /home/admin/my_workspace/build/tortoise_bot/install.log --single-version-externally-managed install_data
[2.446s] Level 1:colcon.colcon_core.environment:checking '/home/admin/my_workspace/install/tortoise_bot' for CMake module files
[2.447s] Level 1:colcon.colcon_core.environment:checking '/home/admin/my_workspace/install/tortoise_bot' for CMake config files
[2.447s] Level 1:colcon.colcon_core.environment:checking '/home/admin/my_workspace/install/tortoise_bot/lib'
[2.447s] Level 1:colcon.colcon_core.environment:checking '/home/admin/my_workspace/install/tortoise_bot/bin'
[2.448s] Level 1:colcon.colcon_core.environment:checking '/home/admin/my_workspace/install/tortoise_bot/lib/pkgconfig/tortoise_bot.pc'
[2.448s] Level 1:colcon.colcon_core.environment:checking '/home/admin/my_workspace/install/tortoise_bot/lib/python3.12/site-packages'
[2.448s] Level 1:colcon.colcon_core.shell:create_environment_hook('tortoise_bot', 'pythonpath')
[2.449s] INFO:colcon.colcon_core.shell:Creating environment hook '/home/admin/my_workspace/install/tortoise_bot/share/tortoise_bot/hook/pythonpath.ps1'
[2.449s] INFO:colcon.colcon_core.shell:Creating environment descriptor '/home/admin/my_workspace/install/tortoise_bot/share/tortoise_bot/hook/pythonpath.dsv'
[2.449s] INFO:colcon.colcon_core.shell:Creating environment hook '/home/admin/my_workspace/install/tortoise_bot/share/tortoise_bot/hook/pythonpath.sh'
[2.450s] Level 1:colcon.colcon_core.environment:checking '/home/admin/my_workspace/install/tortoise_bot/bin'
[2.450s] Level 1:colcon.colcon_core.environment:create_environment_scripts_only(tortoise_bot)
[2.450s] INFO:colcon.colcon_core.shell:Creating package script '/home/admin/my_workspace/install/tortoise_bot/share/tortoise_bot/package.ps1'
[2.451s] INFO:colcon.colcon_core.shell:Creating package descriptor '/home/admin/my_workspace/install/tortoise_bot/share/tortoise_bot/package.dsv'
[2.451s] INFO:colcon.colcon_core.shell:Creating package script '/home/admin/my_workspace/install/tortoise_bot/share/tortoise_bot/package.sh'
[2.452s] INFO:colcon.colcon_core.shell:Creating package script '/home/admin/my_workspace/install/tortoise_bot/share/tortoise_bot/package.bash'
[2.453s] INFO:colcon.colcon_core.shell:Creating package script '/home/admin/my_workspace/install/tortoise_bot/share/tortoise_bot/package.zsh'
[2.453s] Level 1:colcon.colcon_core.environment:create_file_with_runtime_dependencies(/home/admin/my_workspace/install/tortoise_bot/share/colcon-core/packages/tortoise_bot)
[2.453s] DEBUG:colcon.colcon_parallel_executor.executor.parallel:closing loop
[2.454s] DEBUG:colcon.colcon_parallel_executor.executor.parallel:loop closed
[2.454s] DEBUG:colcon.colcon_parallel_executor.executor.parallel:run_until_complete finished with '0'
[2.454s] DEBUG:colcon.colcon_core.event_reactor:joining thread
[2.458s] INFO:colcon.colcon_core.plugin_system:Skipping extension 'colcon_notification.desktop_notification.terminal_notifier': Not used on non-Darwin systems
[2.458s] INFO:colcon.colcon_core.plugin_system:Skipping extension 'colcon_notification.desktop_notification.win32': Not used on non-Windows systems
[2.458s] INFO:colcon.colcon_notification.desktop_notification:Sending desktop notification using 'notify2'
[2.478s] DEBUG:colcon.colcon_core.event_reactor:joined thread
[2.478s] INFO:colcon.colcon_core.shell:Creating prefix script '/home/admin/my_workspace/install/local_setup.ps1'
[2.481s] INFO:colcon.colcon_core.shell:Creating prefix util module '/home/admin/my_workspace/install/_local_setup_util_ps1.py'
[2.483s] INFO:colcon.colcon_core.shell:Creating prefix chain script '/home/admin/my_workspace/install/setup.ps1'
[2.484s] INFO:colcon.colcon_core.shell:Creating prefix script '/home/admin/my_workspace/install/local_setup.sh'
[2.485s] INFO:colcon.colcon_core.shell:Creating prefix util module '/home/admin/my_workspace/install/_local_setup_util_sh.py'
[2.487s] INFO:colcon.colcon_core.shell:Creating prefix chain script '/home/admin/my_workspace/install/setup.sh'
[2.489s] INFO:colcon.colcon_core.shell:Creating prefix script '/home/admin/my_workspace/install/local_setup.bash'
[2.491s] INFO:colcon.colcon_core.shell:Creating prefix chain script '/home/admin/my_workspace/install/setup.bash'
[2.493s] INFO:colcon.colcon_core.shell:Creating prefix script '/home/admin/my_workspace/install/local_setup.zsh'
[2.494s] INFO:colcon.colcon_core.shell:Creating prefix chain script '/home/admin/my_workspace/install/setup.zsh'
