[0.663s] Invoking command in '/home/admin/my_workspace/tortoise_ws/src/tortoise_bot': DEBUGINFOD_URLS=https://debuginfod.ubuntu.com PYTHONPATH=/home/admin/my_workspace/build/tortoise_bot/prefix_override:/usr/lib/python3/dist-packages/colcon_core/task/python/colcon_distutils_commands:/home/admin/my_workspace/install/tortoise_bot/lib/python3.12/site-packages:${PYTHONPATH} /usr/bin/python3 -W ignore:setup.py install is deprecated -W ignore:easy_install command is deprecated setup.py egg_info --egg-base ../../../build/tortoise_bot build --build-base /home/admin/my_workspace/build/tortoise_bot/build install --record /home/admin/my_workspace/build/tortoise_bot/install.log --single-version-externally-managed install_data
[0.887s] running egg_info
[0.906s] writing ../../../build/tortoise_bot/tortoise_bot.egg-info/PKG-INFO
[0.906s] writing dependency_links to ../../../build/tortoise_bot/tortoise_bot.egg-info/dependency_links.txt
[0.907s] writing entry points to ../../../build/tortoise_bot/tortoise_bot.egg-info/entry_points.txt
[0.907s] writing requirements to ../../../build/tortoise_bot/tortoise_bot.egg-info/requires.txt
[0.907s] writing top-level names to ../../../build/tortoise_bot/tortoise_bot.egg-info/top_level.txt
[0.945s] reading manifest file '../../../build/tortoise_bot/tortoise_bot.egg-info/SOURCES.txt'
[0.946s] writing manifest file '../../../build/tortoise_bot/tortoise_bot.egg-info/SOURCES.txt'
[0.946s] running build
[0.946s] running build_py
[0.946s] copying tortoise_bot/simple_joint_publisher.py -> /home/admin/my_workspace/build/tortoise_bot/build/lib/tortoise_bot
[0.946s] running install
[0.950s] running install_lib
[0.969s] copying /home/admin/my_workspace/build/tortoise_bot/build/lib/tortoise_bot/simple_joint_publisher.py -> /home/admin/my_workspace/install/tortoise_bot/lib/python3.12/site-packages/tortoise_bot
[0.970s] byte-compiling /home/admin/my_workspace/install/tortoise_bot/lib/python3.12/site-packages/tortoise_bot/simple_joint_publisher.py to simple_joint_publisher.cpython-312.pyc
[0.970s] running install_data
[0.971s] copying launch/tortoise_launch.py -> /home/admin/my_workspace/install/tortoise_bot/share/tortoise_bot/launch
[0.971s] copying launch/teleop_launch.py -> /home/admin/my_workspace/install/tortoise_bot/share/tortoise_bot/launch
[0.971s] copying urdf/simple_bot.urdf -> /home/admin/my_workspace/install/tortoise_bot/share/tortoise_bot/urdf
[0.971s] copying worlds/ionic.sdf -> /home/admin/my_workspace/install/tortoise_bot/share/tortoise_bot/worlds
[0.971s] running install_egg_info
[0.991s] removing '/home/admin/my_workspace/install/tortoise_bot/lib/python3.12/site-packages/tortoise_bot-0.0.0-py3.12.egg-info' (and everything under it)
[0.991s] Copying ../../../build/tortoise_bot/tortoise_bot.egg-info to /home/admin/my_workspace/install/tortoise_bot/lib/python3.12/site-packages/tortoise_bot-0.0.0-py3.12.egg-info
[0.991s] running install_scripts
[1.111s] Installing fake_joint_publisher script to /home/admin/my_workspace/install/tortoise_bot/lib/tortoise_bot
[1.111s] Installing simple_joint_publisher script to /home/admin/my_workspace/install/tortoise_bot/lib/tortoise_bot
[1.111s] Installing tortoise_controller script to /home/admin/my_workspace/install/tortoise_bot/lib/tortoise_bot
[1.111s] Installing turtle_bot_teleop script to /home/admin/my_workspace/install/tortoise_bot/lib/tortoise_bot
[1.111s] Installing velocity_controller script to /home/admin/my_workspace/install/tortoise_bot/lib/tortoise_bot
[1.111s] writing list of installed files to '/home/admin/my_workspace/build/tortoise_bot/install.log'
[1.130s] Invoked command in '/home/admin/my_workspace/tortoise_ws/src/tortoise_bot' returned '0': DEBUGINFOD_URLS=https://debuginfod.ubuntu.com PYTHONPATH=/home/admin/my_workspace/build/tortoise_bot/prefix_override:/usr/lib/python3/dist-packages/colcon_core/task/python/colcon_distutils_commands:/home/admin/my_workspace/install/tortoise_bot/lib/python3.12/site-packages:${PYTHONPATH} /usr/bin/python3 -W ignore:setup.py install is deprecated -W ignore:easy_install command is deprecated setup.py egg_info --egg-base ../../../build/tortoise_bot build --build-base /home/admin/my_workspace/build/tortoise_bot/build install --record /home/admin/my_workspace/build/tortoise_bot/install.log --single-version-externally-managed install_data
