running egg_info
creating ../../../build/tortoise_bot/tortoise_bot.egg-info
writing ../../../build/tortoise_bot/tortoise_bot.egg-info/PKG-INFO
writing dependency_links to ../../../build/tortoise_bot/tortoise_bot.egg-info/dependency_links.txt
writing entry points to ../../../build/tortoise_bot/tortoise_bot.egg-info/entry_points.txt
writing requirements to ../../../build/tortoise_bot/tortoise_bot.egg-info/requires.txt
writing top-level names to ../../../build/tortoise_bot/tortoise_bot.egg-info/top_level.txt
writing manifest file '../../../build/tortoise_bot/tortoise_bot.egg-info/SOURCES.txt'
reading manifest file '../../../build/tortoise_bot/tortoise_bot.egg-info/SOURCES.txt'
writing manifest file '../../../build/tortoise_bot/tortoise_bot.egg-info/SOURCES.txt'
running build
running build_py
creating /home/admin/my_workspace/build/tortoise_bot/build
creating /home/admin/my_workspace/build/tortoise_bot/build/lib
creating /home/admin/my_workspace/build/tortoise_bot/build/lib/tortoise_bot
copying tortoise_bot/tortoise_controller.py -> /home/admin/my_workspace/build/tortoise_bot/build/lib/tortoise_bot
copying tortoise_bot/turtle_bot_teleop.py -> /home/admin/my_workspace/build/tortoise_bot/build/lib/tortoise_bot
copying tortoise_bot/velocity_controller.py -> /home/admin/my_workspace/build/tortoise_bot/build/lib/tortoise_bot
copying tortoise_bot/simple_joint_publisher.py -> /home/admin/my_workspace/build/tortoise_bot/build/lib/tortoise_bot
copying tortoise_bot/__init__.py -> /home/admin/my_workspace/build/tortoise_bot/build/lib/tortoise_bot
running install
running install_lib
creating /home/admin/my_workspace/install/tortoise_bot/lib/python3.12/site-packages/tortoise_bot
copying /home/admin/my_workspace/build/tortoise_bot/build/lib/tortoise_bot/tortoise_controller.py -> /home/admin/my_workspace/install/tortoise_bot/lib/python3.12/site-packages/tortoise_bot
copying /home/admin/my_workspace/build/tortoise_bot/build/lib/tortoise_bot/turtle_bot_teleop.py -> /home/admin/my_workspace/install/tortoise_bot/lib/python3.12/site-packages/tortoise_bot
copying /home/admin/my_workspace/build/tortoise_bot/build/lib/tortoise_bot/velocity_controller.py -> /home/admin/my_workspace/install/tortoise_bot/lib/python3.12/site-packages/tortoise_bot
copying /home/admin/my_workspace/build/tortoise_bot/build/lib/tortoise_bot/simple_joint_publisher.py -> /home/admin/my_workspace/install/tortoise_bot/lib/python3.12/site-packages/tortoise_bot
copying /home/admin/my_workspace/build/tortoise_bot/build/lib/tortoise_bot/__init__.py -> /home/admin/my_workspace/install/tortoise_bot/lib/python3.12/site-packages/tortoise_bot
byte-compiling /home/admin/my_workspace/install/tortoise_bot/lib/python3.12/site-packages/tortoise_bot/tortoise_controller.py to tortoise_controller.cpython-312.pyc
byte-compiling /home/admin/my_workspace/install/tortoise_bot/lib/python3.12/site-packages/tortoise_bot/turtle_bot_teleop.py to turtle_bot_teleop.cpython-312.pyc
byte-compiling /home/admin/my_workspace/install/tortoise_bot/lib/python3.12/site-packages/tortoise_bot/velocity_controller.py to velocity_controller.cpython-312.pyc
byte-compiling /home/admin/my_workspace/install/tortoise_bot/lib/python3.12/site-packages/tortoise_bot/simple_joint_publisher.py to simple_joint_publisher.cpython-312.pyc
byte-compiling /home/admin/my_workspace/install/tortoise_bot/lib/python3.12/site-packages/tortoise_bot/__init__.py to __init__.cpython-312.pyc
running install_data
creating /home/admin/my_workspace/install/tortoise_bot/share/ament_index
creating /home/admin/my_workspace/install/tortoise_bot/share/ament_index/resource_index
creating /home/admin/my_workspace/install/tortoise_bot/share/ament_index/resource_index/packages
copying resource/tortoise_bot -> /home/admin/my_workspace/install/tortoise_bot/share/ament_index/resource_index/packages
copying package.xml -> /home/admin/my_workspace/install/tortoise_bot/share/tortoise_bot
creating /home/admin/my_workspace/install/tortoise_bot/share/tortoise_bot/launch
copying launch/tortoise_launch.py -> /home/admin/my_workspace/install/tortoise_bot/share/tortoise_bot/launch
copying launch/teleop_launch.py -> /home/admin/my_workspace/install/tortoise_bot/share/tortoise_bot/launch
creating /home/admin/my_workspace/install/tortoise_bot/share/tortoise_bot/urdf
copying urdf/simple_bot.urdf -> /home/admin/my_workspace/install/tortoise_bot/share/tortoise_bot/urdf
creating /home/admin/my_workspace/install/tortoise_bot/share/tortoise_bot/rviz
copying rviz/tortoise_config.rviz -> /home/admin/my_workspace/install/tortoise_bot/share/tortoise_bot/rviz
creating /home/admin/my_workspace/install/tortoise_bot/share/tortoise_bot/worlds
copying worlds/empty.sdf -> /home/admin/my_workspace/install/tortoise_bot/share/tortoise_bot/worlds
running install_egg_info
Copying ../../../build/tortoise_bot/tortoise_bot.egg-info to /home/admin/my_workspace/install/tortoise_bot/lib/python3.12/site-packages/tortoise_bot-0.0.0-py3.12.egg-info
running install_scripts
Installing fake_joint_publisher script to /home/admin/my_workspace/install/tortoise_bot/lib/tortoise_bot
Installing simple_joint_publisher script to /home/admin/my_workspace/install/tortoise_bot/lib/tortoise_bot
Installing tortoise_controller script to /home/admin/my_workspace/install/tortoise_bot/lib/tortoise_bot
Installing turtle_bot_teleop script to /home/admin/my_workspace/install/tortoise_bot/lib/tortoise_bot
Installing velocity_controller script to /home/admin/my_workspace/install/tortoise_bot/lib/tortoise_bot
writing list of installed files to '/home/admin/my_workspace/build/tortoise_bot/install.log'
