[0.692s] Invoking command in '/home/admin/my_workspace/tortoise_ws/src/tortoise_bot': DEBUGINFOD_URLS=https://debuginfod.ubuntu.com PYTHONPATH=/home/admin/my_workspace/build/tortoise_bot/prefix_override:/usr/lib/python3/dist-packages/colcon_core/task/python/colcon_distutils_commands:/home/admin/my_workspace/install/tortoise_bot/lib/python3.12/site-packages:${PYTHONPATH} /usr/bin/python3 -W ignore:setup.py install is deprecated -W ignore:easy_install command is deprecated setup.py egg_info --egg-base ../../../build/tortoise_bot build --build-base /home/admin/my_workspace/build/tortoise_bot/build install --record /home/admin/my_workspace/build/tortoise_bot/install.log --single-version-externally-managed install_data
[0.930s] running egg_info
[0.950s] writing ../../../build/tortoise_bot/tortoise_bot.egg-info/PKG-INFO
[0.950s] writing dependency_links to ../../../build/tortoise_bot/tortoise_bot.egg-info/dependency_links.txt
[0.950s] writing entry points to ../../../build/tortoise_bot/tortoise_bot.egg-info/entry_points.txt
[0.950s] writing requirements to ../../../build/tortoise_bot/tortoise_bot.egg-info/requires.txt
[0.950s] writing top-level names to ../../../build/tortoise_bot/tortoise_bot.egg-info/top_level.txt
[0.989s] reading manifest file '../../../build/tortoise_bot/tortoise_bot.egg-info/SOURCES.txt'
[0.989s] writing manifest file '../../../build/tortoise_bot/tortoise_bot.egg-info/SOURCES.txt'
[0.989s] running build
[0.989s] running build_py
[0.989s] running install
[0.994s] running install_lib
[1.014s] running install_data
[1.014s] copying launch/teleop_launch.py -> /home/admin/my_workspace/install/tortoise_bot/share/tortoise_bot/launch
[1.014s] running install_egg_info
[1.036s] removing '/home/admin/my_workspace/install/tortoise_bot/lib/python3.12/site-packages/tortoise_bot-0.0.0-py3.12.egg-info' (and everything under it)
[1.036s] Copying ../../../build/tortoise_bot/tortoise_bot.egg-info to /home/admin/my_workspace/install/tortoise_bot/lib/python3.12/site-packages/tortoise_bot-0.0.0-py3.12.egg-info
[1.036s] running install_scripts
[1.156s] Installing fake_joint_publisher script to /home/admin/my_workspace/install/tortoise_bot/lib/tortoise_bot
[1.157s] Installing simple_joint_publisher script to /home/admin/my_workspace/install/tortoise_bot/lib/tortoise_bot
[1.157s] Installing tortoise_controller script to /home/admin/my_workspace/install/tortoise_bot/lib/tortoise_bot
[1.157s] Installing turtle_bot_teleop script to /home/admin/my_workspace/install/tortoise_bot/lib/tortoise_bot
[1.157s] Installing velocity_controller script to /home/admin/my_workspace/install/tortoise_bot/lib/tortoise_bot
[1.158s] writing list of installed files to '/home/admin/my_workspace/build/tortoise_bot/install.log'
[1.178s] Invoked command in '/home/admin/my_workspace/tortoise_ws/src/tortoise_bot' returned '0': DEBUGINFOD_URLS=https://debuginfod.ubuntu.com PYTHONPATH=/home/admin/my_workspace/build/tortoise_bot/prefix_override:/usr/lib/python3/dist-packages/colcon_core/task/python/colcon_distutils_commands:/home/admin/my_workspace/install/tortoise_bot/lib/python3.12/site-packages:${PYTHONPATH} /usr/bin/python3 -W ignore:setup.py install is deprecated -W ignore:easy_install command is deprecated setup.py egg_info --egg-base ../../../build/tortoise_bot build --build-base /home/admin/my_workspace/build/tortoise_bot/build install --record /home/admin/my_workspace/build/tortoise_bot/install.log --single-version-externally-managed install_data
